<?xml version="1.0" encoding="UTF-8"?>
<testsuite name="testClean.ItemTest" tests="1" skipped="0" failures="0" errors="0" timestamp="2022-10-17T02:52:57" hostname="DESKTOP-0SUNJO7" time="14.474">
  <properties/>
  <testcase name="verifyCRUDItem()" classname="testClean.ItemTest" time="14.474"/>
  <system-out><![CDATA[->221016225257
Request method:	POST
Request URI:	https://todo.ly/api/items.json
Proxy:			<none>
Request params:	<none>
Query params:	<none>
Form params:	<none>
Path params:	<none>
Headers:		Authorization=Basic eHNvdG9kZXZlbG9wZXJAZ21haWwuY29tOjEyMzQ1Njc4
				Accept=*/*
				Content-Type=text/plain; charset=ISO-8859-1
Cookies:		<none>
Multiparts:		<none>
Body:
{"Content":"newItemFactory->221016225257"}
HTTP/1.1 200 OK
Cache-Control: no-cache, no-store, must-revalidate
Pragma: no-cache
Content-Type: application/json; charset=utf-8
Expires: -1
Server: Microsoft-IIS/8.0
Set-Cookie: ASP.NET_SessionId=uupl14un1oex4fvdqlmfryn0; path=/; HttpOnly; SameSite=Lax
X-AspNetMvc-Version: 2.0
X-AspNet-Version: 4.0.30319
X-Powered-By: ASP.NET
Date: Mon, 17 Oct 2022 02:52:53 GMT
Content-Length: 554

{
    "Id": 11067843,
    "Content": "newItemFactory->221016225257",
    "ItemType": 1,
    "Checked": false,
    "ProjectId": null,
    "ParentId": null,
    "Path": "",
    "Collapsed": false,
    "DateString": null,
    "DateStringPriority": 0,
    "DueDate": "",
    "Recurrence": null,
    "ItemOrder": null,
    "Priority": 4,
    "LastSyncedDateTime": "/Date(1665975173244)/",
    "Children": [
        
    ],
    "DueDateTime": null,
    "CreatedDate": "/Date(1665975173230)/",
    "LastCheckedDate": null,
    "LastUpdatedDate": "/Date(1665975173230)/",
    "Deleted": false,
    "Notes": "",
    "InHistory": false,
    "SyncClientCreationId": null,
    "DueTimeSpecified": true,
    "OwnerId": 705831
}
Request method:	PUT
Request URI:	https://todo.ly/api/items/11067843.json
Proxy:			<none>
Request params:	<none>
Query params:	<none>
Form params:	<none>
Path params:	<none>
Headers:		Authorization=Basic eHNvdG9kZXZlbG9wZXJAZ21haWwuY29tOjEyMzQ1Njc4
				Accept=*/*
				Content-Type=text/plain; charset=ISO-8859-1
Cookies:		<none>
Multiparts:		<none>
Body:
{"Content":"updateItemFactory->221016225257"}
HTTP/1.1 200 OK
Cache-Control: no-cache, no-store, must-revalidate
Pragma: no-cache
Content-Type: application/json; charset=utf-8
Expires: -1
Server: Microsoft-IIS/8.0
Set-Cookie: ASP.NET_SessionId=ttn13rs2wkwgpdml23zioujp; path=/; HttpOnly; SameSite=Lax
X-AspNetMvc-Version: 2.0
X-AspNet-Version: 4.0.30319
X-Powered-By: ASP.NET
Date: Mon, 17 Oct 2022 02:52:56 GMT
Content-Length: 557

{
    "Id": 11067843,
    "Content": "updateItemFactory->221016225257",
    "ItemType": 1,
    "Checked": false,
    "ProjectId": null,
    "ParentId": null,
    "Path": "",
    "Collapsed": false,
    "DateString": null,
    "DateStringPriority": 0,
    "DueDate": "",
    "Recurrence": null,
    "ItemOrder": null,
    "Priority": 4,
    "LastSyncedDateTime": "/Date(1665975176489)/",
    "Children": [
        
    ],
    "DueDateTime": null,
    "CreatedDate": "/Date(1665975173230)/",
    "LastCheckedDate": null,
    "LastUpdatedDate": "/Date(1665975176457)/",
    "Deleted": false,
    "Notes": "",
    "InHistory": false,
    "SyncClientCreationId": null,
    "DueTimeSpecified": true,
    "OwnerId": 705831
}
Request method:	GET
Request URI:	https://todo.ly/api/items/11067843.json
Proxy:			<none>
Request params:	<none>
Query params:	<none>
Form params:	<none>
Path params:	<none>
Headers:		Authorization=Basic eHNvdG9kZXZlbG9wZXJAZ21haWwuY29tOjEyMzQ1Njc4
				Accept=*/*
Cookies:		<none>
Multiparts:		<none>
Body:			<none>
HTTP/1.1 200 OK
Cache-Control: no-cache, no-store, must-revalidate
Pragma: no-cache
Content-Type: application/json; charset=utf-8
Expires: -1
Server: Microsoft-IIS/8.0
Set-Cookie: ASP.NET_SessionId=u5pwfugafoqepxr0xpx1ahno; path=/; HttpOnly; SameSite=Lax
X-AspNetMvc-Version: 2.0
X-AspNet-Version: 4.0.30319
X-Powered-By: ASP.NET
Date: Mon, 17 Oct 2022 02:52:57 GMT
Content-Length: 557

{
    "Id": 11067843,
    "Content": "updateItemFactory->221016225257",
    "ItemType": 1,
    "Checked": false,
    "ProjectId": null,
    "ParentId": null,
    "Path": "",
    "Collapsed": false,
    "DateString": null,
    "DateStringPriority": 0,
    "DueDate": "",
    "Recurrence": null,
    "ItemOrder": null,
    "Priority": 4,
    "LastSyncedDateTime": "/Date(1665975177721)/",
    "Children": [
        
    ],
    "DueDateTime": null,
    "CreatedDate": "/Date(1665975173230)/",
    "LastCheckedDate": null,
    "LastUpdatedDate": "/Date(1665975176457)/",
    "Deleted": false,
    "Notes": "",
    "InHistory": false,
    "SyncClientCreationId": null,
    "DueTimeSpecified": true,
    "OwnerId": 705831
}
Request method:	DELETE
Request URI:	https://todo.ly/api/items/11067843.json
Proxy:			<none>
Request params:	<none>
Query params:	<none>
Form params:	<none>
Path params:	<none>
Headers:		Authorization=Basic eHNvdG9kZXZlbG9wZXJAZ21haWwuY29tOjEyMzQ1Njc4
				Accept=*/*
Cookies:		<none>
Multiparts:		<none>
Body:			<none>
HTTP/1.1 200 OK
Cache-Control: no-cache, no-store, must-revalidate
Pragma: no-cache
Content-Type: application/json; charset=utf-8
Expires: -1
Server: Microsoft-IIS/8.0
Set-Cookie: ASP.NET_SessionId=xez4nzgfbgpw3kvsyy5yyiqx; path=/; HttpOnly; SameSite=Lax
X-AspNetMvc-Version: 2.0
X-AspNet-Version: 4.0.30319
X-Powered-By: ASP.NET
Date: Mon, 17 Oct 2022 02:52:59 GMT
Content-Length: 556

{
    "Id": 11067843,
    "Content": "updateItemFactory->221016225257",
    "ItemType": 1,
    "Checked": false,
    "ProjectId": null,
    "ParentId": null,
    "Path": "",
    "Collapsed": false,
    "DateString": null,
    "DateStringPriority": 0,
    "DueDate": "",
    "Recurrence": null,
    "ItemOrder": null,
    "Priority": 4,
    "LastSyncedDateTime": "/Date(1665975179140)/",
    "Children": [
        
    ],
    "DueDateTime": null,
    "CreatedDate": "/Date(1665975173230)/",
    "LastCheckedDate": null,
    "LastUpdatedDate": "/Date(1665975179140)/",
    "Deleted": true,
    "Notes": "",
    "InHistory": false,
    "SyncClientCreationId": null,
    "DueTimeSpecified": true,
    "OwnerId": 705831
}
]]></system-out>
  <system-err><![CDATA[]]></system-err>
</testsuite>
